-- The C compiler identification is GNU 13.2.0
-- The CXX compiler identification is GNU 13.2.0
-- Detecting C compiler ABI info
-- Detecting C compiler ABI info - done
-- Check for working C compiler: /usr/bin/cc - skipped
-- Detecting C compile features
-- Detecting C compile features - done
-- Detecting CXX compiler ABI info
-- Detecting CXX compiler ABI info - done
-- Check for working CXX compiler: /usr/bin/c++ - skipped
-- Detecting CXX compile features
-- Detecting CXX compile features - done
-- Found ament_cmake: 2.5.2 (/opt/ros/jazzy/share/ament_cmake/cmake)
-- Found Python3: /usr/bin/python3 (found version "3.12.3") found components: Interpreter 
-- Override CMake install command with custom implementation using symlinks instead of copying resources
-- Found rclcpp: 28.1.3 (/opt/ros/jazzy/share/rclcpp/cmake)
-- Found rosidl_generator_c: 4.6.3 (/opt/ros/jazzy/share/rosidl_generator_c/cmake)
-- Found rosidl_generator_cpp: 4.6.3 (/opt/ros/jazzy/share/rosidl_generator_cpp/cmake)
-- Using all available rosidl_typesupport_c: rosidl_typesupport_fastrtps_c;rosidl_typesupport_introspection_c
-- Using all available rosidl_typesupport_cpp: rosidl_typesupport_fastrtps_cpp;rosidl_typesupport_introspection_cpp
-- Found rmw_implementation_cmake: 7.3.1 (/opt/ros/jazzy/share/rmw_implementation_cmake/cmake)
-- Found rmw_cyclonedds_cpp: 2.2.2 (/opt/ros/jazzy/share/rmw_cyclonedds_cpp/cmake)
-- Using RMW implementation 'rmw_cyclonedds_cpp' as default
-- Found std_msgs: 5.3.5 (/opt/ros/jazzy/share/std_msgs/cmake)
-- Found sensor_msgs: 5.3.5 (/opt/ros/jazzy/share/sensor_msgs/cmake)
-- Found Boost: /usr/lib/x86_64-linux-gnu/cmake/Boost-1.83.0/BoostConfig.cmake (found version "1.83.0") found components: system 
-- Found ament_lint_auto: 0.17.1 (/opt/ros/jazzy/share/ament_lint_auto/cmake)
-- Added test 'cppcheck' to perform static code analysis on C / C++ code
-- Configured cppcheck include dirs: 
-- Configured cppcheck exclude dirs and/or files: 
-- Added test 'flake8' to check Python code syntax and style conventions
-- Configured 'flake8' exclude dirs and/or files: 
-- Added test 'lint_cmake' to check CMake code style
-- Added test 'pep257' to check Python code against some of the docstring style conventions in PEP 257
-- Added test 'uncrustify' to check C / C++ code style
-- Configured uncrustify additional arguments: 
-- Added test 'xmllint' to check XML markup files
-- Configuring done (0.9s)
-- Generating done (0.0s)
-- Build files have been written to: /home/wsribunm/nvp_ros2_ws/src/ppm_bridge/build/ppm_bridge
[ 50%] [32mBuilding CXX object CMakeFiles/node.dir/src/node.cpp.o[0m
[100%] [32m[1mLinking CXX executable node[0m
[100%] Built target node
-- Install configuration: ""
-- Execute custom install script
-- Symlinking: /home/wsribunm/nvp_ros2_ws/src/ppm_bridge/install/ppm_bridge/lib/ppm_bridge/node
-- Symlinking: /home/wsribunm/nvp_ros2_ws/src/ppm_bridge/install/ppm_bridge/share/ppm_bridge/config/bridge.rviz
-- Symlinking: /home/wsribunm/nvp_ros2_ws/src/ppm_bridge/install/ppm_bridge/share/ppm_bridge/launch/bridge.launch.py
-- Symlinking: /home/wsribunm/nvp_ros2_ws/src/ppm_bridge/install/ppm_bridge/share/ament_index/resource_index/package_run_dependencies/ppm_bridge
-- Symlinking: /home/wsribunm/nvp_ros2_ws/src/ppm_bridge/install/ppm_bridge/share/ament_index/resource_index/parent_prefix_path/ppm_bridge
-- Symlinking: /home/wsribunm/nvp_ros2_ws/src/ppm_bridge/install/ppm_bridge/share/ppm_bridge/environment/ament_prefix_path.sh
-- Symlinking: /home/wsribunm/nvp_ros2_ws/src/ppm_bridge/install/ppm_bridge/share/ppm_bridge/environment/ament_prefix_path.dsv
-- Symlinking: /home/wsribunm/nvp_ros2_ws/src/ppm_bridge/install/ppm_bridge/share/ppm_bridge/environment/path.sh
-- Symlinking: /home/wsribunm/nvp_ros2_ws/src/ppm_bridge/install/ppm_bridge/share/ppm_bridge/environment/path.dsv
-- Symlinking: /home/wsribunm/nvp_ros2_ws/src/ppm_bridge/install/ppm_bridge/share/ppm_bridge/local_setup.bash
-- Symlinking: /home/wsribunm/nvp_ros2_ws/src/ppm_bridge/install/ppm_bridge/share/ppm_bridge/local_setup.sh
-- Symlinking: /home/wsribunm/nvp_ros2_ws/src/ppm_bridge/install/ppm_bridge/share/ppm_bridge/local_setup.zsh
-- Symlinking: /home/wsribunm/nvp_ros2_ws/src/ppm_bridge/install/ppm_bridge/share/ppm_bridge/local_setup.dsv
-- Symlinking: /home/wsribunm/nvp_ros2_ws/src/ppm_bridge/install/ppm_bridge/share/ppm_bridge/package.dsv
-- Symlinking: /home/wsribunm/nvp_ros2_ws/src/ppm_bridge/install/ppm_bridge/share/ament_index/resource_index/packages/ppm_bridge
-- Symlinking: /home/wsribunm/nvp_ros2_ws/src/ppm_bridge/install/ppm_bridge/share/ppm_bridge/cmake/ppm_bridgeConfig.cmake
-- Symlinking: /home/wsribunm/nvp_ros2_ws/src/ppm_bridge/install/ppm_bridge/share/ppm_bridge/cmake/ppm_bridgeConfig-version.cmake
-- Symlinking: /home/wsribunm/nvp_ros2_ws/src/ppm_bridge/install/ppm_bridge/share/ppm_bridge/package.xml
