[0.054s] DEBUG:colcon:Command line arguments: ['/usr/bin/colcon', 'build', '--symlink-install']
[0.054s] DEBUG:colcon:Parsed command line arguments: Namespace(log_base=None, log_level=None, verb_name='build', build_base='build', install_base='install', merge_install=False, symlink_install=True, test_result_base=None, continue_on_error=False, executor='parallel', parallel_workers=20, event_handlers=None, ignore_user_meta=False, metas=['./colcon.meta'], base_paths=['.'], packages_ignore=None, packages_ignore_regex=None, paths=None, packages_up_to=None, packages_up_to_regex=None, packages_above=None, packages_above_and_dependencies=None, packages_above_depth=None, packages_select_by_dep=None, packages_skip_by_dep=None, packages_skip_up_to=None, packages_select_build_failed=False, packages_skip_build_finished=False, packages_select_test_failures=False, packages_skip_test_passed=False, packages_select=None, packages_skip=None, packages_select_regex=None, packages_skip_regex=None, packages_start=None, packages_end=None, cmake_args=None, cmake_target=None, cmake_target_skip_unavailable=False, cmake_clean_cache=False, cmake_clean_first=False, cmake_force_configure=False, ament_cmake_args=None, catkin_cmake_args=None, catkin_skip_building_tests=False, mixin_files=None, mixin=None, verb_parser=<colcon_mixin.mixin.mixin_argument.MixinArgumentDecorator object at 0x7d9fbbe90fb0>, verb_extension=<colcon_core.verb.build.BuildVerb object at 0x7d9fbbe90ce0>, main=<bound method BuildVerb.main of <colcon_core.verb.build.BuildVerb object at 0x7d9fbbe90ce0>>, mixin_verb=('build',))
[0.073s] Level 1:colcon.colcon_core.package_discovery:discover_packages(colcon_meta) check parameters
[0.073s] Level 1:colcon.colcon_core.package_discovery:discover_packages(recursive) check parameters
[0.073s] Level 1:colcon.colcon_core.package_discovery:discover_packages(ignore) check parameters
[0.073s] Level 1:colcon.colcon_core.package_discovery:discover_packages(path) check parameters
[0.073s] Level 1:colcon.colcon_core.package_discovery:discover_packages(colcon_meta) discover
[0.073s] Level 1:colcon.colcon_core.package_discovery:discover_packages(recursive) discover
[0.073s] INFO:colcon.colcon_core.package_discovery:Crawling recursively for packages in '/home/wsribunm/nvp_ros2_ws/src/ppm_bridge'
[0.073s] Level 1:colcon.colcon_core.package_identification:_identify(.) by extensions ['ignore', 'ignore_ament_install']
[0.073s] Level 1:colcon.colcon_core.package_identification:_identify(.) by extension 'ignore'
[0.073s] Level 1:colcon.colcon_core.package_identification:_identify(.) by extension 'ignore_ament_install'
[0.073s] Level 1:colcon.colcon_core.package_identification:_identify(.) by extensions ['colcon_pkg']
[0.073s] Level 1:colcon.colcon_core.package_identification:_identify(.) by extension 'colcon_pkg'
[0.073s] Level 1:colcon.colcon_core.package_identification:_identify(.) by extensions ['colcon_meta']
[0.073s] Level 1:colcon.colcon_core.package_identification:_identify(.) by extension 'colcon_meta'
[0.073s] Level 1:colcon.colcon_core.package_identification:_identify(.) by extensions ['ros']
[0.073s] Level 1:colcon.colcon_core.package_identification:_identify(.) by extension 'ros'
[0.088s] DEBUG:colcon.colcon_core.package_identification:Package '.' with type 'ros.ament_cmake' and name 'ppm_bridge'
[0.088s] Level 1:colcon.colcon_core.package_discovery:discover_packages(recursive) using defaults
[0.088s] Level 1:colcon.colcon_core.package_discovery:discover_packages(ignore) discover
[0.088s] Level 1:colcon.colcon_core.package_discovery:discover_packages(ignore) using defaults
[0.088s] Level 1:colcon.colcon_core.package_discovery:discover_packages(path) discover
[0.088s] Level 1:colcon.colcon_core.package_discovery:discover_packages(path) using defaults
[0.097s] Level 5:colcon.colcon_core.verb:set package 'ppm_bridge' build argument 'cmake_args' from command line to 'None'
[0.097s] Level 5:colcon.colcon_core.verb:set package 'ppm_bridge' build argument 'cmake_target' from command line to 'None'
[0.097s] Level 5:colcon.colcon_core.verb:set package 'ppm_bridge' build argument 'cmake_target_skip_unavailable' from command line to 'False'
[0.097s] Level 5:colcon.colcon_core.verb:set package 'ppm_bridge' build argument 'cmake_clean_cache' from command line to 'False'
[0.097s] Level 5:colcon.colcon_core.verb:set package 'ppm_bridge' build argument 'cmake_clean_first' from command line to 'False'
[0.097s] Level 5:colcon.colcon_core.verb:set package 'ppm_bridge' build argument 'cmake_force_configure' from command line to 'False'
[0.097s] Level 5:colcon.colcon_core.verb:set package 'ppm_bridge' build argument 'ament_cmake_args' from command line to 'None'
[0.097s] Level 5:colcon.colcon_core.verb:set package 'ppm_bridge' build argument 'catkin_cmake_args' from command line to 'None'
[0.097s] Level 5:colcon.colcon_core.verb:set package 'ppm_bridge' build argument 'catkin_skip_building_tests' from command line to 'False'
[0.097s] DEBUG:colcon.colcon_core.verb:Building package 'ppm_bridge' with the following arguments: {'ament_cmake_args': None, 'build_base': '/home/wsribunm/nvp_ros2_ws/src/ppm_bridge/build/ppm_bridge', 'catkin_cmake_args': None, 'catkin_skip_building_tests': False, 'cmake_args': None, 'cmake_clean_cache': False, 'cmake_clean_first': False, 'cmake_force_configure': False, 'cmake_target': None, 'cmake_target_skip_unavailable': False, 'install_base': '/home/wsribunm/nvp_ros2_ws/src/ppm_bridge/install/ppm_bridge', 'merge_install': False, 'path': '/home/wsribunm/nvp_ros2_ws/src/ppm_bridge', 'symlink_install': True, 'test_result_base': None}
[0.097s] INFO:colcon.colcon_core.executor:Executing jobs using 'parallel' executor
[0.098s] DEBUG:colcon.colcon_parallel_executor.executor.parallel:run_until_complete
[0.098s] INFO:colcon.colcon_ros.task.ament_cmake.build:Building ROS package in '/home/wsribunm/nvp_ros2_ws/src/ppm_bridge' with build type 'ament_cmake'
[0.098s] INFO:colcon.colcon_cmake.task.cmake.build:Building CMake package in '/home/wsribunm/nvp_ros2_ws/src/ppm_bridge'
[0.099s] INFO:colcon.colcon_core.plugin_system:Skipping extension 'colcon_core.shell.bat': Not used on non-Windows systems
[0.099s] INFO:colcon.colcon_core.shell:Skip shell extension 'powershell' for command environment: Not usable outside of PowerShell
[0.099s] DEBUG:colcon.colcon_core.shell:Skip shell extension 'dsv' for command environment
[0.105s] DEBUG:colcon.colcon_core.event_handler.log_command:Invoking command in '/home/wsribunm/nvp_ros2_ws/src/ppm_bridge/build/ppm_bridge': CMAKE_PREFIX_PATH=${CMAKE_PREFIX_PATH}:/home/wsribunm/nvp_ros2_ws/install/ros2ppm_bridge:/opt/ros/jazzy DEBUGINFOD_URLS=https://debuginfod.ubuntu.com /usr/bin/cmake /home/wsribunm/nvp_ros2_ws/src/ppm_bridge -DAMENT_CMAKE_SYMLINK_INSTALL=1 -DCMAKE_INSTALL_PREFIX=/home/wsribunm/nvp_ros2_ws/src/ppm_bridge/install/ppm_bridge
[0.978s] DEBUG:colcon.colcon_core.event_handler.log_command:Invoked command in '/home/wsribunm/nvp_ros2_ws/src/ppm_bridge/build/ppm_bridge' returned '0': CMAKE_PREFIX_PATH=${CMAKE_PREFIX_PATH}:/home/wsribunm/nvp_ros2_ws/install/ros2ppm_bridge:/opt/ros/jazzy DEBUGINFOD_URLS=https://debuginfod.ubuntu.com /usr/bin/cmake /home/wsribunm/nvp_ros2_ws/src/ppm_bridge -DAMENT_CMAKE_SYMLINK_INSTALL=1 -DCMAKE_INSTALL_PREFIX=/home/wsribunm/nvp_ros2_ws/src/ppm_bridge/install/ppm_bridge
[0.979s] DEBUG:colcon.colcon_core.event_handler.log_command:Invoking command in '/home/wsribunm/nvp_ros2_ws/src/ppm_bridge/build/ppm_bridge': CMAKE_PREFIX_PATH=${CMAKE_PREFIX_PATH}:/home/wsribunm/nvp_ros2_ws/install/ros2ppm_bridge:/opt/ros/jazzy DEBUGINFOD_URLS=https://debuginfod.ubuntu.com /usr/bin/cmake --build /home/wsribunm/nvp_ros2_ws/src/ppm_bridge/build/ppm_bridge -- -j20 -l20
[6.839s] DEBUG:colcon.colcon_core.event_handler.log_command:Invoked command in '/home/wsribunm/nvp_ros2_ws/src/ppm_bridge/build/ppm_bridge' returned '0': CMAKE_PREFIX_PATH=${CMAKE_PREFIX_PATH}:/home/wsribunm/nvp_ros2_ws/install/ros2ppm_bridge:/opt/ros/jazzy DEBUGINFOD_URLS=https://debuginfod.ubuntu.com /usr/bin/cmake --build /home/wsribunm/nvp_ros2_ws/src/ppm_bridge/build/ppm_bridge -- -j20 -l20
[6.865s] DEBUG:colcon.colcon_core.event_handler.log_command:Invoking command in '/home/wsribunm/nvp_ros2_ws/src/ppm_bridge/build/ppm_bridge': CMAKE_PREFIX_PATH=${CMAKE_PREFIX_PATH}:/home/wsribunm/nvp_ros2_ws/install/ros2ppm_bridge:/opt/ros/jazzy DEBUGINFOD_URLS=https://debuginfod.ubuntu.com /usr/bin/cmake --install /home/wsribunm/nvp_ros2_ws/src/ppm_bridge/build/ppm_bridge
[6.997s] Level 1:colcon.colcon_core.environment:create_environment_scripts_only(ppm_bridge)
[6.997s] DEBUG:colcon.colcon_core.event_handler.log_command:Invoked command in '/home/wsribunm/nvp_ros2_ws/src/ppm_bridge/build/ppm_bridge' returned '0': CMAKE_PREFIX_PATH=${CMAKE_PREFIX_PATH}:/home/wsribunm/nvp_ros2_ws/install/ros2ppm_bridge:/opt/ros/jazzy DEBUGINFOD_URLS=https://debuginfod.ubuntu.com /usr/bin/cmake --install /home/wsribunm/nvp_ros2_ws/src/ppm_bridge/build/ppm_bridge
[6.998s] Level 1:colcon.colcon_core.environment:checking '/home/wsribunm/nvp_ros2_ws/src/ppm_bridge/install/ppm_bridge' for CMake module files
[6.998s] Level 1:colcon.colcon_core.environment:checking '/home/wsribunm/nvp_ros2_ws/src/ppm_bridge/install/ppm_bridge' for CMake config files
[6.998s] Level 1:colcon.colcon_core.shell:create_environment_hook('ppm_bridge', 'cmake_prefix_path')
[6.999s] INFO:colcon.colcon_core.shell:Creating environment hook '/home/wsribunm/nvp_ros2_ws/src/ppm_bridge/install/ppm_bridge/share/ppm_bridge/hook/cmake_prefix_path.ps1'
[6.999s] INFO:colcon.colcon_core.shell:Creating environment descriptor '/home/wsribunm/nvp_ros2_ws/src/ppm_bridge/install/ppm_bridge/share/ppm_bridge/hook/cmake_prefix_path.dsv'
[6.999s] INFO:colcon.colcon_core.shell:Creating environment hook '/home/wsribunm/nvp_ros2_ws/src/ppm_bridge/install/ppm_bridge/share/ppm_bridge/hook/cmake_prefix_path.sh'
[6.999s] Level 1:colcon.colcon_core.environment:checking '/home/wsribunm/nvp_ros2_ws/src/ppm_bridge/install/ppm_bridge/lib'
[7.000s] Level 1:colcon.colcon_core.environment:checking '/home/wsribunm/nvp_ros2_ws/src/ppm_bridge/install/ppm_bridge/bin'
[7.000s] Level 1:colcon.colcon_core.environment:checking '/home/wsribunm/nvp_ros2_ws/src/ppm_bridge/install/ppm_bridge/lib/pkgconfig/ppm_bridge.pc'
[7.001s] Level 1:colcon.colcon_core.environment:checking '/home/wsribunm/nvp_ros2_ws/src/ppm_bridge/install/ppm_bridge/lib/python3.12/site-packages'
[7.002s] Level 1:colcon.colcon_core.environment:checking '/home/wsribunm/nvp_ros2_ws/src/ppm_bridge/install/ppm_bridge/bin'
[7.002s] INFO:colcon.colcon_core.shell:Creating package script '/home/wsribunm/nvp_ros2_ws/src/ppm_bridge/install/ppm_bridge/share/ppm_bridge/package.ps1'
[7.002s] INFO:colcon.colcon_core.shell:Creating package descriptor '/home/wsribunm/nvp_ros2_ws/src/ppm_bridge/install/ppm_bridge/share/ppm_bridge/package.dsv'
[7.002s] INFO:colcon.colcon_core.shell:Creating package script '/home/wsribunm/nvp_ros2_ws/src/ppm_bridge/install/ppm_bridge/share/ppm_bridge/package.sh'
[7.003s] INFO:colcon.colcon_core.shell:Creating package script '/home/wsribunm/nvp_ros2_ws/src/ppm_bridge/install/ppm_bridge/share/ppm_bridge/package.bash'
[7.003s] INFO:colcon.colcon_core.shell:Creating package script '/home/wsribunm/nvp_ros2_ws/src/ppm_bridge/install/ppm_bridge/share/ppm_bridge/package.zsh'
[7.003s] Level 1:colcon.colcon_core.environment:create_file_with_runtime_dependencies(/home/wsribunm/nvp_ros2_ws/src/ppm_bridge/install/ppm_bridge/share/colcon-core/packages/ppm_bridge)
[7.023s] Level 1:colcon.colcon_core.environment:create_environment_scripts_only(ppm_bridge)
[7.023s] Level 1:colcon.colcon_core.environment:checking '/home/wsribunm/nvp_ros2_ws/src/ppm_bridge/install/ppm_bridge' for CMake module files
[7.023s] Level 1:colcon.colcon_core.environment:checking '/home/wsribunm/nvp_ros2_ws/src/ppm_bridge/install/ppm_bridge' for CMake config files
[7.023s] Level 1:colcon.colcon_core.shell:create_environment_hook('ppm_bridge', 'cmake_prefix_path')
[7.023s] INFO:colcon.colcon_core.shell:Creating environment hook '/home/wsribunm/nvp_ros2_ws/src/ppm_bridge/install/ppm_bridge/share/ppm_bridge/hook/cmake_prefix_path.ps1'
[7.023s] INFO:colcon.colcon_core.shell:Creating environment descriptor '/home/wsribunm/nvp_ros2_ws/src/ppm_bridge/install/ppm_bridge/share/ppm_bridge/hook/cmake_prefix_path.dsv'
[7.024s] INFO:colcon.colcon_core.shell:Creating environment hook '/home/wsribunm/nvp_ros2_ws/src/ppm_bridge/install/ppm_bridge/share/ppm_bridge/hook/cmake_prefix_path.sh'
[7.024s] Level 1:colcon.colcon_core.environment:checking '/home/wsribunm/nvp_ros2_ws/src/ppm_bridge/install/ppm_bridge/lib'
[7.024s] Level 1:colcon.colcon_core.environment:checking '/home/wsribunm/nvp_ros2_ws/src/ppm_bridge/install/ppm_bridge/bin'
[7.024s] Level 1:colcon.colcon_core.environment:checking '/home/wsribunm/nvp_ros2_ws/src/ppm_bridge/install/ppm_bridge/lib/pkgconfig/ppm_bridge.pc'
[7.024s] Level 1:colcon.colcon_core.environment:checking '/home/wsribunm/nvp_ros2_ws/src/ppm_bridge/install/ppm_bridge/lib/python3.12/site-packages'
[7.024s] Level 1:colcon.colcon_core.environment:checking '/home/wsribunm/nvp_ros2_ws/src/ppm_bridge/install/ppm_bridge/bin'
[7.024s] INFO:colcon.colcon_core.shell:Creating package script '/home/wsribunm/nvp_ros2_ws/src/ppm_bridge/install/ppm_bridge/share/ppm_bridge/package.ps1'
[7.024s] INFO:colcon.colcon_core.shell:Creating package descriptor '/home/wsribunm/nvp_ros2_ws/src/ppm_bridge/install/ppm_bridge/share/ppm_bridge/package.dsv'
[7.025s] INFO:colcon.colcon_core.shell:Creating package script '/home/wsribunm/nvp_ros2_ws/src/ppm_bridge/install/ppm_bridge/share/ppm_bridge/package.sh'
[7.025s] INFO:colcon.colcon_core.shell:Creating package script '/home/wsribunm/nvp_ros2_ws/src/ppm_bridge/install/ppm_bridge/share/ppm_bridge/package.bash'
[7.025s] INFO:colcon.colcon_core.shell:Creating package script '/home/wsribunm/nvp_ros2_ws/src/ppm_bridge/install/ppm_bridge/share/ppm_bridge/package.zsh'
[7.025s] Level 1:colcon.colcon_core.environment:create_file_with_runtime_dependencies(/home/wsribunm/nvp_ros2_ws/src/ppm_bridge/install/ppm_bridge/share/colcon-core/packages/ppm_bridge)
[7.025s] DEBUG:colcon.colcon_parallel_executor.executor.parallel:closing loop
[7.025s] DEBUG:colcon.colcon_parallel_executor.executor.parallel:loop closed
[7.025s] DEBUG:colcon.colcon_parallel_executor.executor.parallel:run_until_complete finished with '0'
[7.025s] DEBUG:colcon.colcon_core.event_reactor:joining thread
[7.030s] INFO:colcon.colcon_core.plugin_system:Skipping extension 'colcon_notification.desktop_notification.terminal_notifier': Not used on non-Darwin systems
[7.030s] INFO:colcon.colcon_core.plugin_system:Skipping extension 'colcon_notification.desktop_notification.win32': Not used on non-Windows systems
[7.030s] INFO:colcon.colcon_notification.desktop_notification:Sending desktop notification using 'notify2'
[7.044s] DEBUG:colcon.colcon_core.event_reactor:joined thread
[7.044s] INFO:colcon.colcon_core.shell:Creating prefix script '/home/wsribunm/nvp_ros2_ws/src/ppm_bridge/install/local_setup.ps1'
[7.044s] INFO:colcon.colcon_core.shell:Creating prefix util module '/home/wsribunm/nvp_ros2_ws/src/ppm_bridge/install/_local_setup_util_ps1.py'
[7.045s] INFO:colcon.colcon_core.shell:Creating prefix chain script '/home/wsribunm/nvp_ros2_ws/src/ppm_bridge/install/setup.ps1'
[7.046s] INFO:colcon.colcon_core.shell:Creating prefix script '/home/wsribunm/nvp_ros2_ws/src/ppm_bridge/install/local_setup.sh'
[7.046s] INFO:colcon.colcon_core.shell:Creating prefix util module '/home/wsribunm/nvp_ros2_ws/src/ppm_bridge/install/_local_setup_util_sh.py'
[7.046s] INFO:colcon.colcon_core.shell:Creating prefix chain script '/home/wsribunm/nvp_ros2_ws/src/ppm_bridge/install/setup.sh'
[7.047s] INFO:colcon.colcon_core.shell:Creating prefix script '/home/wsribunm/nvp_ros2_ws/src/ppm_bridge/install/local_setup.bash'
[7.047s] INFO:colcon.colcon_core.shell:Creating prefix chain script '/home/wsribunm/nvp_ros2_ws/src/ppm_bridge/install/setup.bash'
[7.048s] INFO:colcon.colcon_core.shell:Creating prefix script '/home/wsribunm/nvp_ros2_ws/src/ppm_bridge/install/local_setup.zsh'
[7.048s] INFO:colcon.colcon_core.shell:Creating prefix chain script '/home/wsribunm/nvp_ros2_ws/src/ppm_bridge/install/setup.zsh'
